<?xml version="1.0" encoding="UTF-8"?>
<testng-results skipped="0" failed="0" ignored="0" total="4" passed="4">
  <reporter-output>
  </reporter-output>
  <suite name="Default suite" duration-ms="28255" started-at="2020-07-01T19:30:45Z" finished-at="2020-07-01T19:31:13Z">
    <groups>
    </groups>
    <test name="Default test" duration-ms="28255" started-at="2020-07-01T19:30:45Z" finished-at="2020-07-01T19:31:13Z">
      <class name="Selenium.CssProperties">
        <test-method status="PASS" signature="setup()[pri:0, instance:Selenium.CssProperties@8bd1b6a]" name="setup" is-config="true" duration-ms="27178" started-at="2020-07-01T19:30:45Z" finished-at="2020-07-01T19:31:12Z">
          <reporter-output>
          </reporter-output>
        </test-method> <!-- setup -->
        <test-method status="PASS" signature="getclass()[pri:0, instance:Selenium.CssProperties@8bd1b6a]" name="getclass" duration-ms="737" started-at="2020-07-01T19:31:12Z" finished-at="2020-07-01T19:31:13Z">
          <reporter-output>
          </reporter-output>
        </test-method> <!-- getclass -->
        <test-method status="PASS" signature="maxlength()[pri:0, instance:Selenium.CssProperties@8bd1b6a]" name="maxlength" duration-ms="73" started-at="2020-07-01T19:31:13Z" finished-at="2020-07-01T19:31:13Z">
          <reporter-output>
          </reporter-output>
        </test-method> <!-- maxlength -->
        <test-method status="PASS" signature="role()[pri:0, instance:Selenium.CssProperties@8bd1b6a]" name="role" duration-ms="85" started-at="2020-07-01T19:31:13Z" finished-at="2020-07-01T19:31:13Z">
          <reporter-output>
          </reporter-output>
        </test-method> <!-- role -->
        <test-method status="PASS" signature="type()[pri:0, instance:Selenium.CssProperties@8bd1b6a]" name="type" duration-ms="83" started-at="2020-07-01T19:31:13Z" finished-at="2020-07-01T19:31:13Z">
          <reporter-output>
          </reporter-output>
        </test-method> <!-- type -->
      </class> <!-- Selenium.CssProperties -->
    </test> <!-- Default test -->
  </suite> <!-- Default suite -->
</testng-results>
